Circuit: * C:\Users\Hab\Documents\Hab Projects\MY_CAL\SIM\CAL_PWR-1.asc

Direct Newton iteration failed to find .op point.  (Use ".option noopiter" to skip.)
Starting Gmin stepping
Gmin = 10
Gmin = 1.07374
Gmin = 0.115292
Gmin = 0.0123794
Gmin = 0.00132923
Gmin = 0.000142725
Gmin = 1.5325e-005
Gmin = 1.6455e-006
Gmin = 1.76685e-007
Gmin = 1.89714e-008
Gmin = 2.03704e-009
Gmin = 2.18725e-010
Gmin = 2.34854e-011
Gmin = 2.52173e-012
Gmin = 2.70769e-013
Gmin = 0
Gmin stepping succeeded in finding the operating point.

Heightened Def Con from 0.550104 to 0.550104
Heightened Def Con from 0.550104 to 0.550104
Heightened Def Con from 0.550104 to 0.550104
Heightened Def Con from 0.550104 to 0.550104
Heightened Def Con from 0.550104 to 0.550104
Heightened Def Con from 0.550105 to 0.550105
Heightened Def Con from 0.550105 to 0.550105
Heightened Def Con from 0.550105 to 0.550105
Heightened Def Con from 0.550105 to 0.550105
Heightened Def Con from 0.550106 to 0.550106

Date: Sat Sep 10 18:16:45 2011
Total elapsed time: 9.164 seconds.

tnom = 27
temp = 27
method = modified trap
totiter = 39069
traniter = 38614
tranpoints = 8652
accept = 6493
rejected = 2169
matrix size = 79
fillins = 82
solver = Normal
Matrix Compiler1: 7.66 KB object code size  5.2/4.7/[1.2]
Matrix Compiler2: off  [2.2]/3.5/13.6


